[Epoch:1/30]
5788.962

[Epoch:2/30]
4140.045

[Epoch:3/30]
3786.152

[Epoch:4/30]
3611.676

[Epoch:5/30]
3491.717

[Epoch:6/30]
3407.518

[Epoch:7/30]
3338.930

[Epoch:8/30]
3283.752

[Epoch:9/30]
3238.410

[Epoch:10/30]
3198.695

[Epoch:11/30]
3173.402

[Epoch:12/30]
3140.702

[Epoch:13/30]
3110.102

[Epoch:14/30]
3092.771

[Epoch:15/30]
3071.594

[Epoch:16/30]
3052.461

[Epoch:17/30]
3036.415

[Epoch:18/30]
3020.950

[Epoch:19/30]
3008.463

[Epoch:20/30]
2992.570

[Epoch:21/30]
2981.494

[Epoch:22/30]
2970.636

[Epoch:23/30]
2962.430

[Epoch:24/30]
2946.914

[Epoch:25/30]
2943.394

[Epoch:26/30]
2929.075

[Epoch:27/30]
2921.762

[Epoch:28/30]
2919.113

[Epoch:29/30]
2903.209

[Epoch:30/30]
2903.800

